
{
	gl.supports_vertex_array_object: true
	cocos2d.x.version: Quick-Cocos2dx-Community 3.6
	gl.vendor: NVIDIA Corporation
	gl.supports_PVRTC: false
	gl.renderer: NVIDIA GeForce GT 650M OpenGL Engine
	cocos2d.x.compiled_with_profiler: false
	gl.max_texture_size: 16384
	gl.supports_ETC1: false
	gl.supports_BGRA8888: false
	cocos2d.x.build_type: DEBUG
	gl.supports_discard_framebuffer: false
	gl.supports_NPOT: true
	gl.supports_S3TC: true
	gl.version: 2.1 NVIDIA-10.6.47 310.42.05f01
	gl.supports_ATITC: false
	gl.max_texture_units: 16
	cocos2d.x.compiled_with_gl_state_cache: true
}


Quick-Cocos2dx-Community C++ support ready.
------------------------------------------------
LOAD LUA FILE: /Users/u0u0/Documents/TT/Quick-Cocos2dx-Community/quick/samples/websockets/src/main.lua
------------------------------------------------
[LUA-print] ===========================================================
[LUA-print]               LOAD QUICK FRAMEWORK
[LUA-print] ===========================================================
[LUA-print] [INFO] 
[LUA-print] [INFO] # DEBUG                        = 1
[LUA-print] [INFO] #
[LUA-print] [INFO] # device.platform              = mac
[LUA-print] [INFO] # device.model                 = unknown
[LUA-print] [INFO] # device.language              = en
[LUA-print] [INFO] # device.writablePath          = /Users/u0u0/Documents/TT/Quick-Cocos2dx-Community/quick/samples/websockets/
[LUA-print] [INFO] # device.directorySeparator    = /
[LUA-print] [INFO] # device.pathSeparator         = :
[LUA-print] [INFO] #
libpng warning: iCCP: known incorrect sRGB profile
[LUA-print] [INFO] # CONFIG_SCREEN_AUTOSCALE      = FIXED_WIDTH
[LUA-print] [INFO] # CONFIG_SCREEN_WIDTH          = 640.00
[LUA-print] [INFO] # CONFIG_SCREEN_HEIGHT         = 960.00
[LUA-print] [INFO] # display.widthInPixels        = 640.00
[LUA-print] [INFO] # display.heightInPixels       = 960.00
[LUA-print] [INFO] # display.contentScaleFactor   = 1.00
[LUA-print] [INFO] # display.width                = 640.00
[LUA-print] [INFO] # display.height               = 960.00
[LUA-print] [INFO] # display.cx                   = 320.00
[LUA-print] [INFO] # display.cy                   = 480.00
[LUA-print] [INFO] # display.left                 = 0.00
[LUA-print] [INFO] # display.right                = 640.00
[LUA-print] [INFO] # display.top                  = 960.00
[LUA-print] [INFO] # display.bottom               = 0.00
[LUA-print] [INFO] # display.c_left               = -320.00
[LUA-print] [INFO] # display.c_right              = 320.00
[LUA-print] [INFO] # display.c_top                = 480.00
[LUA-print] [INFO] # display.c_bottom             = -480.00
[LUA-print] [INFO] #
[WebSocket::init] _host: echo.websocket.org, _port: 80, _path: /
[1449196657:7790] NOTICE: Initial logging level 7
[1449196657:7791] NOTICE: Library version: 1.3 4f5a8a2
[1449196657:7791] NOTICE: IPV6 compiled in and enabled
[1449196657:7791] NOTICE: libev support not compiled in
[1449196657:7791] NOTICE:  static allocation: 4520 + (16 x 2560 fds) = 45480 bytes
[1449196657:7792] NOTICE:  canonical_hostname = cpe-172-100-101-45.twcny.res.rr.com
[1449196657:7792] NOTICE:  per-conn mem: 208 + 1594 headers + protocol rx buf
[1449196668:0907] NOTICE: libwebsocket_context_destroy
[LUA-print] not connected
[WebSocket::init] _host: echo.websocket.org, _port: 80, _path: /
[1449196680:3786] NOTICE: Initial logging level 7
[1449196680:3786] NOTICE: Library version: 1.3 4f5a8a2
[1449196680:3787] NOTICE: IPV6 compiled in and enabled
[1449196680:3787] NOTICE: libev support not compiled in
[1449196680:3787] NOTICE:  static allocation: 4520 + (16 x 2560 fds) = 45480 bytes
[1449196680:3788] NOTICE:  canonical_hostname = cpe-172-100-101-45.twcny.res.rr.com
[1449196680:3788] NOTICE:  per-conn mem: 208 + 1594 headers + protocol rx buf
[LUA-print] connected
[LUA-print] send text msg: hello 0.79420629243124
[websocket:send] total: 22, sent: 0, remaining: 22, buffer size: 22
[websocket:send] bytesWrite => 22
[LUA-print] receive text msg: hello 0.79420629243124
[LUA-print] send binary msg: len = 7, binary = 0x12 0x18 0x02 0x15 0x0a 0x17 0x0d
[websocket:send] total: 7, sent: 0, remaining: 7, buffer size: 7
[websocket:send] bytesWrite => 7
[LUA-print] receive binary msg: len = 7, binary = 0x12 0x18 0x02 0x15 0x0a 0x17 0x0d
